The system is: Linux - 3.0.101-0.7.17-default - x86_64
Compiling the C compiler identification source file "CMakeCCompilerId.c" succeeded.
Compiler: /sw/sdev/gcc/x86_64/4.9.2/bin/gcc 
Build flags: 
Id flags: 

The output was:
0


Compilation of the C compiler identification source "CMakeCCompilerId.c" produced "a.out"

The C compiler identification is GNU, found in "/home/student/i/imitschke/meshing.largescale/build/CMakeFiles/3.4.0-rc2/CompilerIdC/a.out"

Compiling the CXX compiler identification source file "CMakeCXXCompilerId.cpp" succeeded.
Compiler: /sw/sdev/gcc/x86_64/4.9.2/bin/g++ 
Build flags: 
Id flags: 

The output was:
0


Compilation of the CXX compiler identification source "CMakeCXXCompilerId.cpp" produced "a.out"

The CXX compiler identification is GNU, found in "/home/student/i/imitschke/meshing.largescale/build/CMakeFiles/3.4.0-rc2/CompilerIdCXX/a.out"

Determining if the C compiler works passed with the following output:
Change Dir: /home/student/i/imitschke/meshing.largescale/build/CMakeFiles/CMakeTmp

Run Build Command:"/usr/bin/gmake" "cmTC_5ff42/fast"
/usr/bin/gmake -f CMakeFiles/cmTC_5ff42.dir/build.make CMakeFiles/cmTC_5ff42.dir/build
gmake[1]: Entering directory `/home/student/i/imitschke/meshing.largescale/build/CMakeFiles/CMakeTmp'
Building C object CMakeFiles/cmTC_5ff42.dir/testCCompiler.c.o
/sw/sdev/gcc/x86_64/4.9.2/bin/gcc     -o CMakeFiles/cmTC_5ff42.dir/testCCompiler.c.o   -c /home/student/i/imitschke/meshing.largescale/build/CMakeFiles/CMakeTmp/testCCompiler.c
Linking C executable cmTC_5ff42
/home/student/i/imitschke/programms/cmake-3.4.0-rc2/bin/cmake -E cmake_link_script CMakeFiles/cmTC_5ff42.dir/link.txt --verbose=1
/sw/sdev/gcc/x86_64/4.9.2/bin/gcc       CMakeFiles/cmTC_5ff42.dir/testCCompiler.c.o  -o cmTC_5ff42 -rdynamic 
gmake[1]: Leaving directory `/home/student/i/imitschke/meshing.largescale/build/CMakeFiles/CMakeTmp'


Detecting C compiler ABI info compiled with the following output:
Change Dir: /home/student/i/imitschke/meshing.largescale/build/CMakeFiles/CMakeTmp

Run Build Command:"/usr/bin/gmake" "cmTC_33428/fast"
/usr/bin/gmake -f CMakeFiles/cmTC_33428.dir/build.make CMakeFiles/cmTC_33428.dir/build
gmake[1]: Entering directory `/home/student/i/imitschke/meshing.largescale/build/CMakeFiles/CMakeTmp'
Building C object CMakeFiles/cmTC_33428.dir/CMakeCCompilerABI.c.o
/sw/sdev/gcc/x86_64/4.9.2/bin/gcc     -o CMakeFiles/cmTC_33428.dir/CMakeCCompilerABI.c.o   -c /home/student/i/imitschke/programms/cmake-3.4.0-rc2/Modules/CMakeCCompilerABI.c
Linking C executable cmTC_33428
/home/student/i/imitschke/programms/cmake-3.4.0-rc2/bin/cmake -E cmake_link_script CMakeFiles/cmTC_33428.dir/link.txt --verbose=1
/sw/sdev/gcc/x86_64/4.9.2/bin/gcc      -v CMakeFiles/cmTC_33428.dir/CMakeCCompilerABI.c.o  -o cmTC_33428 -rdynamic  
Using built-in specs.
COLLECT_GCC=/sw/sdev/gcc/x86_64/4.9.2/bin/gcc
COLLECT_LTO_WRAPPER=/sw/sdev/gcc/x86_64/4.9.2/libexec/gcc/x86_64-unknown-linux-gnu/4.9.2/lto-wrapper
Target: x86_64-unknown-linux-gnu
Configured with: ./configure --prefix=/sw/sdev/gcc/x86_64/4.9.2 --with-gmp=/sw/sdev/gmp/x86_64/5.0.4 --with-mpfr=/sw/sdev/mpfr/x86_64/3.1.0 --with-mpc=/sw/sdev/mpc/x86_64/0.8.2
Thread model: posix
gcc version 4.9.2 (GCC) 
COMPILER_PATH=/sw/sdev/gcc/x86_64/4.9.2/libexec/gcc/x86_64-unknown-linux-gnu/4.9.2/:/sw/sdev/gcc/x86_64/4.9.2/libexec/gcc/x86_64-unknown-linux-gnu/4.9.2/:/sw/sdev/gcc/x86_64/4.9.2/libexec/gcc/x86_64-unknown-linux-gnu/:/sw/sdev/gcc/x86_64/4.9.2/lib/gcc/x86_64-unknown-linux-gnu/4.9.2/:/sw/sdev/gcc/x86_64/4.9.2/lib/gcc/x86_64-unknown-linux-gnu/
LIBRARY_PATH=/sw/sdev/gcc/x86_64/4.9.2/lib/../lib64/:/sw/sdev/binutils/x86_64/2.22/lib64/../lib64/:/sw/sdev/binutils/x86_64/2.22/lib/../lib64/:/sw/sdev/gcc/x86_64/4.9.2/lib/gcc/x86_64-unknown-linux-gnu/4.9.2/:/sw/sdev/gcc/x86_64/4.9.2/lib/gcc/x86_64-unknown-linux-gnu/4.9.2/../../../../lib64/:/lib/../lib64/:/usr/lib/../lib64/:/sw/sdev/gcc/x86_64/4.9.2/lib/:/sw/sdev/mpc/x86_64/0.8.2/lib/:/sw/sdev/mpfr/x86_64/3.1.0/lib/:/sw/sdev/gmp/x86_64/5.0.4/lib/:/sw/sdev/binutils/x86_64/2.22/lib64/:/sw/sdev/binutils/x86_64/2.22/lib/:/opt/sgi/mpt/mpt-2.08/lib/:/home/student/i/imitschke/local/lib/:/sw/sdev/gcc/x86_64/4.9.2/lib/gcc/x86_64-unknown-linux-gnu/4.9.2/../../../:/lib/:/usr/lib/
COLLECT_GCC_OPTIONS='-v' '-o' 'cmTC_33428' '-rdynamic' '-mtune=generic' '-march=x86-64'
 /sw/sdev/gcc/x86_64/4.9.2/libexec/gcc/x86_64-unknown-linux-gnu/4.9.2/collect2 --eh-frame-hdr -m elf_x86_64 -export-dynamic -dynamic-linker /lib64/ld-linux-x86-64.so.2 -o cmTC_33428 /usr/lib/../lib64/crt1.o /usr/lib/../lib64/crti.o /sw/sdev/gcc/x86_64/4.9.2/lib/gcc/x86_64-unknown-linux-gnu/4.9.2/crtbegin.o -L/sw/sdev/gcc/x86_64/4.9.2/lib/../lib64 -L/sw/sdev/binutils/x86_64/2.22/lib64/../lib64 -L/sw/sdev/binutils/x86_64/2.22/lib/../lib64 -L/sw/sdev/gcc/x86_64/4.9.2/lib/gcc/x86_64-unknown-linux-gnu/4.9.2 -L/sw/sdev/gcc/x86_64/4.9.2/lib/gcc/x86_64-unknown-linux-gnu/4.9.2/../../../../lib64 -L/lib/../lib64 -L/usr/lib/../lib64 -L/sw/sdev/gcc/x86_64/4.9.2/lib -L/sw/sdev/mpc/x86_64/0.8.2/lib -L/sw/sdev/mpfr/x86_64/3.1.0/lib -L/sw/sdev/gmp/x86_64/5.0.4/lib -L/sw/sdev/binutils/x86_64/2.22/lib64 -L/sw/sdev/binutils/x86_64/2.22/lib -L/opt/sgi/mpt/mpt-2.08/lib -L/home/student/i/imitschke/local/lib -L/sw/sdev/gcc/x86_64/4.9.2/lib/gcc/x86_64-unknown-linux-gnu/4.9.2/../../.. CMakeFiles/cmTC_33428.dir/CMakeCCompilerABI.c.o -lgcc --as-needed -lgcc_s --no-as-needed -lc -lgcc --as-needed -lgcc_s --no-as-needed /sw/sdev/gcc/x86_64/4.9.2/lib/gcc/x86_64-unknown-linux-gnu/4.9.2/crtend.o /usr/lib/../lib64/crtn.o
gmake[1]: Leaving directory `/home/student/i/imitschke/meshing.largescale/build/CMakeFiles/CMakeTmp'


Parsed C implicit link information from above output:
  link line regex: [^( *|.*[/\])(ld|([^/\]+-)?ld|collect2)[^/\]*( |$)]
  ignore line: [Change Dir: /home/student/i/imitschke/meshing.largescale/build/CMakeFiles/CMakeTmp]
  ignore line: []
  ignore line: [Run Build Command:"/usr/bin/gmake" "cmTC_33428/fast"]
  ignore line: [/usr/bin/gmake -f CMakeFiles/cmTC_33428.dir/build.make CMakeFiles/cmTC_33428.dir/build]
  ignore line: [gmake[1]: Entering directory `/home/student/i/imitschke/meshing.largescale/build/CMakeFiles/CMakeTmp']
  ignore line: [Building C object CMakeFiles/cmTC_33428.dir/CMakeCCompilerABI.c.o]
  ignore line: [/sw/sdev/gcc/x86_64/4.9.2/bin/gcc     -o CMakeFiles/cmTC_33428.dir/CMakeCCompilerABI.c.o   -c /home/student/i/imitschke/programms/cmake-3.4.0-rc2/Modules/CMakeCCompilerABI.c]
  ignore line: [Linking C executable cmTC_33428]
  ignore line: [/home/student/i/imitschke/programms/cmake-3.4.0-rc2/bin/cmake -E cmake_link_script CMakeFiles/cmTC_33428.dir/link.txt --verbose=1]
  ignore line: [/sw/sdev/gcc/x86_64/4.9.2/bin/gcc      -v CMakeFiles/cmTC_33428.dir/CMakeCCompilerABI.c.o  -o cmTC_33428 -rdynamic  ]
  ignore line: [Using built-in specs.]
  ignore line: [COLLECT_GCC=/sw/sdev/gcc/x86_64/4.9.2/bin/gcc]
  ignore line: [COLLECT_LTO_WRAPPER=/sw/sdev/gcc/x86_64/4.9.2/libexec/gcc/x86_64-unknown-linux-gnu/4.9.2/lto-wrapper]
  ignore line: [Target: x86_64-unknown-linux-gnu]
  ignore line: [Configured with: ./configure --prefix=/sw/sdev/gcc/x86_64/4.9.2 --with-gmp=/sw/sdev/gmp/x86_64/5.0.4 --with-mpfr=/sw/sdev/mpfr/x86_64/3.1.0 --with-mpc=/sw/sdev/mpc/x86_64/0.8.2]
  ignore line: [Thread model: posix]
  ignore line: [gcc version 4.9.2 (GCC) ]
  ignore line: [COMPILER_PATH=/sw/sdev/gcc/x86_64/4.9.2/libexec/gcc/x86_64-unknown-linux-gnu/4.9.2/:/sw/sdev/gcc/x86_64/4.9.2/libexec/gcc/x86_64-unknown-linux-gnu/4.9.2/:/sw/sdev/gcc/x86_64/4.9.2/libexec/gcc/x86_64-unknown-linux-gnu/:/sw/sdev/gcc/x86_64/4.9.2/lib/gcc/x86_64-unknown-linux-gnu/4.9.2/:/sw/sdev/gcc/x86_64/4.9.2/lib/gcc/x86_64-unknown-linux-gnu/]
  ignore line: [LIBRARY_PATH=/sw/sdev/gcc/x86_64/4.9.2/lib/../lib64/:/sw/sdev/binutils/x86_64/2.22/lib64/../lib64/:/sw/sdev/binutils/x86_64/2.22/lib/../lib64/:/sw/sdev/gcc/x86_64/4.9.2/lib/gcc/x86_64-unknown-linux-gnu/4.9.2/:/sw/sdev/gcc/x86_64/4.9.2/lib/gcc/x86_64-unknown-linux-gnu/4.9.2/../../../../lib64/:/lib/../lib64/:/usr/lib/../lib64/:/sw/sdev/gcc/x86_64/4.9.2/lib/:/sw/sdev/mpc/x86_64/0.8.2/lib/:/sw/sdev/mpfr/x86_64/3.1.0/lib/:/sw/sdev/gmp/x86_64/5.0.4/lib/:/sw/sdev/binutils/x86_64/2.22/lib64/:/sw/sdev/binutils/x86_64/2.22/lib/:/opt/sgi/mpt/mpt-2.08/lib/:/home/student/i/imitschke/local/lib/:/sw/sdev/gcc/x86_64/4.9.2/lib/gcc/x86_64-unknown-linux-gnu/4.9.2/../../../:/lib/:/usr/lib/]
  ignore line: [COLLECT_GCC_OPTIONS='-v' '-o' 'cmTC_33428' '-rdynamic' '-mtune=generic' '-march=x86-64']
  link line: [ /sw/sdev/gcc/x86_64/4.9.2/libexec/gcc/x86_64-unknown-linux-gnu/4.9.2/collect2 --eh-frame-hdr -m elf_x86_64 -export-dynamic -dynamic-linker /lib64/ld-linux-x86-64.so.2 -o cmTC_33428 /usr/lib/../lib64/crt1.o /usr/lib/../lib64/crti.o /sw/sdev/gcc/x86_64/4.9.2/lib/gcc/x86_64-unknown-linux-gnu/4.9.2/crtbegin.o -L/sw/sdev/gcc/x86_64/4.9.2/lib/../lib64 -L/sw/sdev/binutils/x86_64/2.22/lib64/../lib64 -L/sw/sdev/binutils/x86_64/2.22/lib/../lib64 -L/sw/sdev/gcc/x86_64/4.9.2/lib/gcc/x86_64-unknown-linux-gnu/4.9.2 -L/sw/sdev/gcc/x86_64/4.9.2/lib/gcc/x86_64-unknown-linux-gnu/4.9.2/../../../../lib64 -L/lib/../lib64 -L/usr/lib/../lib64 -L/sw/sdev/gcc/x86_64/4.9.2/lib -L/sw/sdev/mpc/x86_64/0.8.2/lib -L/sw/sdev/mpfr/x86_64/3.1.0/lib -L/sw/sdev/gmp/x86_64/5.0.4/lib -L/sw/sdev/binutils/x86_64/2.22/lib64 -L/sw/sdev/binutils/x86_64/2.22/lib -L/opt/sgi/mpt/mpt-2.08/lib -L/home/student/i/imitschke/local/lib -L/sw/sdev/gcc/x86_64/4.9.2/lib/gcc/x86_64-unknown-linux-gnu/4.9.2/../../.. CMakeFiles/cmTC_33428.dir/CMakeCCompilerABI.c.o -lgcc --as-needed -lgcc_s --no-as-needed -lc -lgcc --as-needed -lgcc_s --no-as-needed /sw/sdev/gcc/x86_64/4.9.2/lib/gcc/x86_64-unknown-linux-gnu/4.9.2/crtend.o /usr/lib/../lib64/crtn.o]
    arg [/sw/sdev/gcc/x86_64/4.9.2/libexec/gcc/x86_64-unknown-linux-gnu/4.9.2/collect2] ==> ignore
    arg [--eh-frame-hdr] ==> ignore
    arg [-m] ==> ignore
    arg [elf_x86_64] ==> ignore
    arg [-export-dynamic] ==> ignore
    arg [-dynamic-linker] ==> ignore
    arg [/lib64/ld-linux-x86-64.so.2] ==> ignore
    arg [-o] ==> ignore
    arg [cmTC_33428] ==> ignore
    arg [/usr/lib/../lib64/crt1.o] ==> ignore
    arg [/usr/lib/../lib64/crti.o] ==> ignore
    arg [/sw/sdev/gcc/x86_64/4.9.2/lib/gcc/x86_64-unknown-linux-gnu/4.9.2/crtbegin.o] ==> ignore
    arg [-L/sw/sdev/gcc/x86_64/4.9.2/lib/../lib64] ==> dir [/sw/sdev/gcc/x86_64/4.9.2/lib/../lib64]
    arg [-L/sw/sdev/binutils/x86_64/2.22/lib64/../lib64] ==> dir [/sw/sdev/binutils/x86_64/2.22/lib64/../lib64]
    arg [-L/sw/sdev/binutils/x86_64/2.22/lib/../lib64] ==> dir [/sw/sdev/binutils/x86_64/2.22/lib/../lib64]
    arg [-L/sw/sdev/gcc/x86_64/4.9.2/lib/gcc/x86_64-unknown-linux-gnu/4.9.2] ==> dir [/sw/sdev/gcc/x86_64/4.9.2/lib/gcc/x86_64-unknown-linux-gnu/4.9.2]
    arg [-L/sw/sdev/gcc/x86_64/4.9.2/lib/gcc/x86_64-unknown-linux-gnu/4.9.2/../../../../lib64] ==> dir [/sw/sdev/gcc/x86_64/4.9.2/lib/gcc/x86_64-unknown-linux-gnu/4.9.2/../../../../lib64]
    arg [-L/lib/../lib64] ==> dir [/lib/../lib64]
    arg [-L/usr/lib/../lib64] ==> dir [/usr/lib/../lib64]
    arg [-L/sw/sdev/gcc/x86_64/4.9.2/lib] ==> dir [/sw/sdev/gcc/x86_64/4.9.2/lib]
    arg [-L/sw/sdev/mpc/x86_64/0.8.2/lib] ==> dir [/sw/sdev/mpc/x86_64/0.8.2/lib]
    arg [-L/sw/sdev/mpfr/x86_64/3.1.0/lib] ==> dir [/sw/sdev/mpfr/x86_64/3.1.0/lib]
    arg [-L/sw/sdev/gmp/x86_64/5.0.4/lib] ==> dir [/sw/sdev/gmp/x86_64/5.0.4/lib]
    arg [-L/sw/sdev/binutils/x86_64/2.22/lib64] ==> dir [/sw/sdev/binutils/x86_64/2.22/lib64]
    arg [-L/sw/sdev/binutils/x86_64/2.22/lib] ==> dir [/sw/sdev/binutils/x86_64/2.22/lib]
    arg [-L/opt/sgi/mpt/mpt-2.08/lib] ==> dir [/opt/sgi/mpt/mpt-2.08/lib]
    arg [-L/home/student/i/imitschke/local/lib] ==> dir [/home/student/i/imitschke/local/lib]
    arg [-L/sw/sdev/gcc/x86_64/4.9.2/lib/gcc/x86_64-unknown-linux-gnu/4.9.2/../../..] ==> dir [/sw/sdev/gcc/x86_64/4.9.2/lib/gcc/x86_64-unknown-linux-gnu/4.9.2/../../..]
    arg [CMakeFiles/cmTC_33428.dir/CMakeCCompilerABI.c.o] ==> ignore
    arg [-lgcc] ==> lib [gcc]
    arg [--as-needed] ==> ignore
    arg [-lgcc_s] ==> lib [gcc_s]
    arg [--no-as-needed] ==> ignore
    arg [-lc] ==> lib [c]
    arg [-lgcc] ==> lib [gcc]
    arg [--as-needed] ==> ignore
    arg [-lgcc_s] ==> lib [gcc_s]
    arg [--no-as-needed] ==> ignore
    arg [/sw/sdev/gcc/x86_64/4.9.2/lib/gcc/x86_64-unknown-linux-gnu/4.9.2/crtend.o] ==> ignore
    arg [/usr/lib/../lib64/crtn.o] ==> ignore
  remove lib [gcc]
  remove lib [gcc_s]
  remove lib [gcc]
  remove lib [gcc_s]
  collapse library dir [/sw/sdev/gcc/x86_64/4.9.2/lib/../lib64] ==> [/sw/sdev/gcc/x86_64/4.9.2/lib64]
  collapse library dir [/sw/sdev/binutils/x86_64/2.22/lib64/../lib64] ==> [/sw/sdev/binutils/x86_64/2.22/lib64]
  collapse library dir [/sw/sdev/binutils/x86_64/2.22/lib/../lib64] ==> [/sw/sdev/binutils/x86_64/2.22/lib64]
  collapse library dir [/sw/sdev/gcc/x86_64/4.9.2/lib/gcc/x86_64-unknown-linux-gnu/4.9.2] ==> [/sw/sdev/gcc/x86_64/4.9.2/lib/gcc/x86_64-unknown-linux-gnu/4.9.2]
  collapse library dir [/sw/sdev/gcc/x86_64/4.9.2/lib/gcc/x86_64-unknown-linux-gnu/4.9.2/../../../../lib64] ==> [/sw/sdev/gcc/x86_64/4.9.2/lib64]
  collapse library dir [/lib/../lib64] ==> [/lib64]
  collapse library dir [/usr/lib/../lib64] ==> [/usr/lib64]
  collapse library dir [/sw/sdev/gcc/x86_64/4.9.2/lib] ==> [/sw/sdev/gcc/x86_64/4.9.2/lib]
  collapse library dir [/sw/sdev/mpc/x86_64/0.8.2/lib] ==> [/sw/sdev/mpc/x86_64/0.8.2/lib]
  collapse library dir [/sw/sdev/mpfr/x86_64/3.1.0/lib] ==> [/sw/sdev/mpfr/x86_64/3.1.0/lib]
  collapse library dir [/sw/sdev/gmp/x86_64/5.0.4/lib] ==> [/sw/sdev/gmp/x86_64/5.0.4/lib]
  collapse library dir [/sw/sdev/binutils/x86_64/2.22/lib64] ==> [/sw/sdev/binutils/x86_64/2.22/lib64]
  collapse library dir [/sw/sdev/binutils/x86_64/2.22/lib] ==> [/sw/sdev/binutils/x86_64/2.22/lib]
  collapse library dir [/opt/sgi/mpt/mpt-2.08/lib] ==> [/opt/sgi/mpt/mpt-2.08/lib]
  collapse library dir [/home/student/i/imitschke/local/lib] ==> [/home/student/i/imitschke/local/lib]
  collapse library dir [/sw/sdev/gcc/x86_64/4.9.2/lib/gcc/x86_64-unknown-linux-gnu/4.9.2/../../..] ==> [/sw/sdev/gcc/x86_64/4.9.2/lib]
  implicit libs: [c]
  implicit dirs: [/sw/sdev/gcc/x86_64/4.9.2/lib64;/sw/sdev/binutils/x86_64/2.22/lib64;/sw/sdev/gcc/x86_64/4.9.2/lib/gcc/x86_64-unknown-linux-gnu/4.9.2;/lib64;/usr/lib64;/sw/sdev/gcc/x86_64/4.9.2/lib;/sw/sdev/mpc/x86_64/0.8.2/lib;/sw/sdev/mpfr/x86_64/3.1.0/lib;/sw/sdev/gmp/x86_64/5.0.4/lib;/sw/sdev/binutils/x86_64/2.22/lib;/opt/sgi/mpt/mpt-2.08/lib;/home/student/i/imitschke/local/lib]
  implicit fwks: []




Detecting C [-std=c11] compiler features compiled with the following output:
Change Dir: /home/student/i/imitschke/meshing.largescale/build/CMakeFiles/CMakeTmp

Run Build Command:"/usr/bin/gmake" "cmTC_cfca8/fast"
/usr/bin/gmake -f CMakeFiles/cmTC_cfca8.dir/build.make CMakeFiles/cmTC_cfca8.dir/build
gmake[1]: Entering directory `/home/student/i/imitschke/meshing.largescale/build/CMakeFiles/CMakeTmp'
Building C object CMakeFiles/cmTC_cfca8.dir/feature_tests.c.o
/sw/sdev/gcc/x86_64/4.9.2/bin/gcc    -std=c11 -o CMakeFiles/cmTC_cfca8.dir/feature_tests.c.o   -c /home/student/i/imitschke/meshing.largescale/build/CMakeFiles/feature_tests.c
Linking C executable cmTC_cfca8
/home/student/i/imitschke/programms/cmake-3.4.0-rc2/bin/cmake -E cmake_link_script CMakeFiles/cmTC_cfca8.dir/link.txt --verbose=1
/sw/sdev/gcc/x86_64/4.9.2/bin/gcc       CMakeFiles/cmTC_cfca8.dir/feature_tests.c.o  -o cmTC_cfca8 -rdynamic 
gmake[1]: Leaving directory `/home/student/i/imitschke/meshing.largescale/build/CMakeFiles/CMakeTmp'


    Feature record: C_FEATURE:1c_function_prototypes
    Feature record: C_FEATURE:1c_restrict
    Feature record: C_FEATURE:1c_static_assert
    Feature record: C_FEATURE:1c_variadic_macros


Detecting C [-std=c99] compiler features compiled with the following output:
Change Dir: /home/student/i/imitschke/meshing.largescale/build/CMakeFiles/CMakeTmp

Run Build Command:"/usr/bin/gmake" "cmTC_6de49/fast"
/usr/bin/gmake -f CMakeFiles/cmTC_6de49.dir/build.make CMakeFiles/cmTC_6de49.dir/build
gmake[1]: Entering directory `/home/student/i/imitschke/meshing.largescale/build/CMakeFiles/CMakeTmp'
Building C object CMakeFiles/cmTC_6de49.dir/feature_tests.c.o
/sw/sdev/gcc/x86_64/4.9.2/bin/gcc    -std=c99 -o CMakeFiles/cmTC_6de49.dir/feature_tests.c.o   -c /home/student/i/imitschke/meshing.largescale/build/CMakeFiles/feature_tests.c
Linking C executable cmTC_6de49
/home/student/i/imitschke/programms/cmake-3.4.0-rc2/bin/cmake -E cmake_link_script CMakeFiles/cmTC_6de49.dir/link.txt --verbose=1
/sw/sdev/gcc/x86_64/4.9.2/bin/gcc       CMakeFiles/cmTC_6de49.dir/feature_tests.c.o  -o cmTC_6de49 -rdynamic 
gmake[1]: Leaving directory `/home/student/i/imitschke/meshing.largescale/build/CMakeFiles/CMakeTmp'


    Feature record: C_FEATURE:1c_function_prototypes
    Feature record: C_FEATURE:1c_restrict
    Feature record: C_FEATURE:0c_static_assert
    Feature record: C_FEATURE:1c_variadic_macros


Detecting C [-std=c90] compiler features compiled with the following output:
Change Dir: /home/student/i/imitschke/meshing.largescale/build/CMakeFiles/CMakeTmp

Run Build Command:"/usr/bin/gmake" "cmTC_cb444/fast"
/usr/bin/gmake -f CMakeFiles/cmTC_cb444.dir/build.make CMakeFiles/cmTC_cb444.dir/build
gmake[1]: Entering directory `/home/student/i/imitschke/meshing.largescale/build/CMakeFiles/CMakeTmp'
Building C object CMakeFiles/cmTC_cb444.dir/feature_tests.c.o
/sw/sdev/gcc/x86_64/4.9.2/bin/gcc    -std=c90 -o CMakeFiles/cmTC_cb444.dir/feature_tests.c.o   -c /home/student/i/imitschke/meshing.largescale/build/CMakeFiles/feature_tests.c
Linking C executable cmTC_cb444
/home/student/i/imitschke/programms/cmake-3.4.0-rc2/bin/cmake -E cmake_link_script CMakeFiles/cmTC_cb444.dir/link.txt --verbose=1
/sw/sdev/gcc/x86_64/4.9.2/bin/gcc       CMakeFiles/cmTC_cb444.dir/feature_tests.c.o  -o cmTC_cb444 -rdynamic 
gmake[1]: Leaving directory `/home/student/i/imitschke/meshing.largescale/build/CMakeFiles/CMakeTmp'


    Feature record: C_FEATURE:1c_function_prototypes
    Feature record: C_FEATURE:0c_restrict
    Feature record: C_FEATURE:0c_static_assert
    Feature record: C_FEATURE:0c_variadic_macros
Determining if the CXX compiler works passed with the following output:
Change Dir: /home/student/i/imitschke/meshing.largescale/build/CMakeFiles/CMakeTmp

Run Build Command:"/usr/bin/gmake" "cmTC_d43c6/fast"
/usr/bin/gmake -f CMakeFiles/cmTC_d43c6.dir/build.make CMakeFiles/cmTC_d43c6.dir/build
gmake[1]: Entering directory `/home/student/i/imitschke/meshing.largescale/build/CMakeFiles/CMakeTmp'
Building CXX object CMakeFiles/cmTC_d43c6.dir/testCXXCompiler.cxx.o
/sw/sdev/gcc/x86_64/4.9.2/bin/g++      -o CMakeFiles/cmTC_d43c6.dir/testCXXCompiler.cxx.o -c /home/student/i/imitschke/meshing.largescale/build/CMakeFiles/CMakeTmp/testCXXCompiler.cxx
Linking CXX executable cmTC_d43c6
/home/student/i/imitschke/programms/cmake-3.4.0-rc2/bin/cmake -E cmake_link_script CMakeFiles/cmTC_d43c6.dir/link.txt --verbose=1
/sw/sdev/gcc/x86_64/4.9.2/bin/g++        CMakeFiles/cmTC_d43c6.dir/testCXXCompiler.cxx.o  -o cmTC_d43c6 -rdynamic 
gmake[1]: Leaving directory `/home/student/i/imitschke/meshing.largescale/build/CMakeFiles/CMakeTmp'


Detecting CXX compiler ABI info compiled with the following output:
Change Dir: /home/student/i/imitschke/meshing.largescale/build/CMakeFiles/CMakeTmp

Run Build Command:"/usr/bin/gmake" "cmTC_65f77/fast"
/usr/bin/gmake -f CMakeFiles/cmTC_65f77.dir/build.make CMakeFiles/cmTC_65f77.dir/build
gmake[1]: Entering directory `/home/student/i/imitschke/meshing.largescale/build/CMakeFiles/CMakeTmp'
Building CXX object CMakeFiles/cmTC_65f77.dir/CMakeCXXCompilerABI.cpp.o
/sw/sdev/gcc/x86_64/4.9.2/bin/g++      -o CMakeFiles/cmTC_65f77.dir/CMakeCXXCompilerABI.cpp.o -c /home/student/i/imitschke/programms/cmake-3.4.0-rc2/Modules/CMakeCXXCompilerABI.cpp
Linking CXX executable cmTC_65f77
/home/student/i/imitschke/programms/cmake-3.4.0-rc2/bin/cmake -E cmake_link_script CMakeFiles/cmTC_65f77.dir/link.txt --verbose=1
/sw/sdev/gcc/x86_64/4.9.2/bin/g++       -v CMakeFiles/cmTC_65f77.dir/CMakeCXXCompilerABI.cpp.o  -o cmTC_65f77 -rdynamic  
Using built-in specs.
COLLECT_GCC=/sw/sdev/gcc/x86_64/4.9.2/bin/g++
COLLECT_LTO_WRAPPER=/sw/sdev/gcc/x86_64/4.9.2/libexec/gcc/x86_64-unknown-linux-gnu/4.9.2/lto-wrapper
Target: x86_64-unknown-linux-gnu
Configured with: ./configure --prefix=/sw/sdev/gcc/x86_64/4.9.2 --with-gmp=/sw/sdev/gmp/x86_64/5.0.4 --with-mpfr=/sw/sdev/mpfr/x86_64/3.1.0 --with-mpc=/sw/sdev/mpc/x86_64/0.8.2
Thread model: posix
gcc version 4.9.2 (GCC) 
COMPILER_PATH=/sw/sdev/gcc/x86_64/4.9.2/libexec/gcc/x86_64-unknown-linux-gnu/4.9.2/:/sw/sdev/gcc/x86_64/4.9.2/libexec/gcc/x86_64-unknown-linux-gnu/4.9.2/:/sw/sdev/gcc/x86_64/4.9.2/libexec/gcc/x86_64-unknown-linux-gnu/:/sw/sdev/gcc/x86_64/4.9.2/lib/gcc/x86_64-unknown-linux-gnu/4.9.2/:/sw/sdev/gcc/x86_64/4.9.2/lib/gcc/x86_64-unknown-linux-gnu/
LIBRARY_PATH=/sw/sdev/gcc/x86_64/4.9.2/lib/../lib64/:/sw/sdev/binutils/x86_64/2.22/lib64/../lib64/:/sw/sdev/binutils/x86_64/2.22/lib/../lib64/:/sw/sdev/gcc/x86_64/4.9.2/lib/gcc/x86_64-unknown-linux-gnu/4.9.2/:/sw/sdev/gcc/x86_64/4.9.2/lib/gcc/x86_64-unknown-linux-gnu/4.9.2/../../../../lib64/:/lib/../lib64/:/usr/lib/../lib64/:/sw/sdev/gcc/x86_64/4.9.2/lib/:/sw/sdev/mpc/x86_64/0.8.2/lib/:/sw/sdev/mpfr/x86_64/3.1.0/lib/:/sw/sdev/gmp/x86_64/5.0.4/lib/:/sw/sdev/binutils/x86_64/2.22/lib64/:/sw/sdev/binutils/x86_64/2.22/lib/:/opt/sgi/mpt/mpt-2.08/lib/:/home/student/i/imitschke/local/lib/:/sw/sdev/gcc/x86_64/4.9.2/lib/gcc/x86_64-unknown-linux-gnu/4.9.2/../../../:/lib/:/usr/lib/
COLLECT_GCC_OPTIONS='-v' '-o' 'cmTC_65f77' '-rdynamic' '-shared-libgcc' '-mtune=generic' '-march=x86-64'
 /sw/sdev/gcc/x86_64/4.9.2/libexec/gcc/x86_64-unknown-linux-gnu/4.9.2/collect2 --eh-frame-hdr -m elf_x86_64 -export-dynamic -dynamic-linker /lib64/ld-linux-x86-64.so.2 -o cmTC_65f77 /usr/lib/../lib64/crt1.o /usr/lib/../lib64/crti.o /sw/sdev/gcc/x86_64/4.9.2/lib/gcc/x86_64-unknown-linux-gnu/4.9.2/crtbegin.o -L/sw/sdev/gcc/x86_64/4.9.2/lib/../lib64 -L/sw/sdev/binutils/x86_64/2.22/lib64/../lib64 -L/sw/sdev/binutils/x86_64/2.22/lib/../lib64 -L/sw/sdev/gcc/x86_64/4.9.2/lib/gcc/x86_64-unknown-linux-gnu/4.9.2 -L/sw/sdev/gcc/x86_64/4.9.2/lib/gcc/x86_64-unknown-linux-gnu/4.9.2/../../../../lib64 -L/lib/../lib64 -L/usr/lib/../lib64 -L/sw/sdev/gcc/x86_64/4.9.2/lib -L/sw/sdev/mpc/x86_64/0.8.2/lib -L/sw/sdev/mpfr/x86_64/3.1.0/lib -L/sw/sdev/gmp/x86_64/5.0.4/lib -L/sw/sdev/binutils/x86_64/2.22/lib64 -L/sw/sdev/binutils/x86_64/2.22/lib -L/opt/sgi/mpt/mpt-2.08/lib -L/home/student/i/imitschke/local/lib -L/sw/sdev/gcc/x86_64/4.9.2/lib/gcc/x86_64-unknown-linux-gnu/4.9.2/../../.. CMakeFiles/cmTC_65f77.dir/CMakeCXXCompilerABI.cpp.o -lstdc++ -lm -lgcc_s -lgcc -lc -lgcc_s -lgcc /sw/sdev/gcc/x86_64/4.9.2/lib/gcc/x86_64-unknown-linux-gnu/4.9.2/crtend.o /usr/lib/../lib64/crtn.o
gmake[1]: Leaving directory `/home/student/i/imitschke/meshing.largescale/build/CMakeFiles/CMakeTmp'


Parsed CXX implicit link information from above output:
  link line regex: [^( *|.*[/\])(ld|([^/\]+-)?ld|collect2)[^/\]*( |$)]
  ignore line: [Change Dir: /home/student/i/imitschke/meshing.largescale/build/CMakeFiles/CMakeTmp]
  ignore line: []
  ignore line: [Run Build Command:"/usr/bin/gmake" "cmTC_65f77/fast"]
  ignore line: [/usr/bin/gmake -f CMakeFiles/cmTC_65f77.dir/build.make CMakeFiles/cmTC_65f77.dir/build]
  ignore line: [gmake[1]: Entering directory `/home/student/i/imitschke/meshing.largescale/build/CMakeFiles/CMakeTmp']
  ignore line: [Building CXX object CMakeFiles/cmTC_65f77.dir/CMakeCXXCompilerABI.cpp.o]
  ignore line: [/sw/sdev/gcc/x86_64/4.9.2/bin/g++      -o CMakeFiles/cmTC_65f77.dir/CMakeCXXCompilerABI.cpp.o -c /home/student/i/imitschke/programms/cmake-3.4.0-rc2/Modules/CMakeCXXCompilerABI.cpp]
  ignore line: [Linking CXX executable cmTC_65f77]
  ignore line: [/home/student/i/imitschke/programms/cmake-3.4.0-rc2/bin/cmake -E cmake_link_script CMakeFiles/cmTC_65f77.dir/link.txt --verbose=1]
  ignore line: [/sw/sdev/gcc/x86_64/4.9.2/bin/g++       -v CMakeFiles/cmTC_65f77.dir/CMakeCXXCompilerABI.cpp.o  -o cmTC_65f77 -rdynamic  ]
  ignore line: [Using built-in specs.]
  ignore line: [COLLECT_GCC=/sw/sdev/gcc/x86_64/4.9.2/bin/g++]
  ignore line: [COLLECT_LTO_WRAPPER=/sw/sdev/gcc/x86_64/4.9.2/libexec/gcc/x86_64-unknown-linux-gnu/4.9.2/lto-wrapper]
  ignore line: [Target: x86_64-unknown-linux-gnu]
  ignore line: [Configured with: ./configure --prefix=/sw/sdev/gcc/x86_64/4.9.2 --with-gmp=/sw/sdev/gmp/x86_64/5.0.4 --with-mpfr=/sw/sdev/mpfr/x86_64/3.1.0 --with-mpc=/sw/sdev/mpc/x86_64/0.8.2]
  ignore line: [Thread model: posix]
  ignore line: [gcc version 4.9.2 (GCC) ]
  ignore line: [COMPILER_PATH=/sw/sdev/gcc/x86_64/4.9.2/libexec/gcc/x86_64-unknown-linux-gnu/4.9.2/:/sw/sdev/gcc/x86_64/4.9.2/libexec/gcc/x86_64-unknown-linux-gnu/4.9.2/:/sw/sdev/gcc/x86_64/4.9.2/libexec/gcc/x86_64-unknown-linux-gnu/:/sw/sdev/gcc/x86_64/4.9.2/lib/gcc/x86_64-unknown-linux-gnu/4.9.2/:/sw/sdev/gcc/x86_64/4.9.2/lib/gcc/x86_64-unknown-linux-gnu/]
  ignore line: [LIBRARY_PATH=/sw/sdev/gcc/x86_64/4.9.2/lib/../lib64/:/sw/sdev/binutils/x86_64/2.22/lib64/../lib64/:/sw/sdev/binutils/x86_64/2.22/lib/../lib64/:/sw/sdev/gcc/x86_64/4.9.2/lib/gcc/x86_64-unknown-linux-gnu/4.9.2/:/sw/sdev/gcc/x86_64/4.9.2/lib/gcc/x86_64-unknown-linux-gnu/4.9.2/../../../../lib64/:/lib/../lib64/:/usr/lib/../lib64/:/sw/sdev/gcc/x86_64/4.9.2/lib/:/sw/sdev/mpc/x86_64/0.8.2/lib/:/sw/sdev/mpfr/x86_64/3.1.0/lib/:/sw/sdev/gmp/x86_64/5.0.4/lib/:/sw/sdev/binutils/x86_64/2.22/lib64/:/sw/sdev/binutils/x86_64/2.22/lib/:/opt/sgi/mpt/mpt-2.08/lib/:/home/student/i/imitschke/local/lib/:/sw/sdev/gcc/x86_64/4.9.2/lib/gcc/x86_64-unknown-linux-gnu/4.9.2/../../../:/lib/:/usr/lib/]
  ignore line: [COLLECT_GCC_OPTIONS='-v' '-o' 'cmTC_65f77' '-rdynamic' '-shared-libgcc' '-mtune=generic' '-march=x86-64']
  link line: [ /sw/sdev/gcc/x86_64/4.9.2/libexec/gcc/x86_64-unknown-linux-gnu/4.9.2/collect2 --eh-frame-hdr -m elf_x86_64 -export-dynamic -dynamic-linker /lib64/ld-linux-x86-64.so.2 -o cmTC_65f77 /usr/lib/../lib64/crt1.o /usr/lib/../lib64/crti.o /sw/sdev/gcc/x86_64/4.9.2/lib/gcc/x86_64-unknown-linux-gnu/4.9.2/crtbegin.o -L/sw/sdev/gcc/x86_64/4.9.2/lib/../lib64 -L/sw/sdev/binutils/x86_64/2.22/lib64/../lib64 -L/sw/sdev/binutils/x86_64/2.22/lib/../lib64 -L/sw/sdev/gcc/x86_64/4.9.2/lib/gcc/x86_64-unknown-linux-gnu/4.9.2 -L/sw/sdev/gcc/x86_64/4.9.2/lib/gcc/x86_64-unknown-linux-gnu/4.9.2/../../../../lib64 -L/lib/../lib64 -L/usr/lib/../lib64 -L/sw/sdev/gcc/x86_64/4.9.2/lib -L/sw/sdev/mpc/x86_64/0.8.2/lib -L/sw/sdev/mpfr/x86_64/3.1.0/lib -L/sw/sdev/gmp/x86_64/5.0.4/lib -L/sw/sdev/binutils/x86_64/2.22/lib64 -L/sw/sdev/binutils/x86_64/2.22/lib -L/opt/sgi/mpt/mpt-2.08/lib -L/home/student/i/imitschke/local/lib -L/sw/sdev/gcc/x86_64/4.9.2/lib/gcc/x86_64-unknown-linux-gnu/4.9.2/../../.. CMakeFiles/cmTC_65f77.dir/CMakeCXXCompilerABI.cpp.o -lstdc++ -lm -lgcc_s -lgcc -lc -lgcc_s -lgcc /sw/sdev/gcc/x86_64/4.9.2/lib/gcc/x86_64-unknown-linux-gnu/4.9.2/crtend.o /usr/lib/../lib64/crtn.o]
    arg [/sw/sdev/gcc/x86_64/4.9.2/libexec/gcc/x86_64-unknown-linux-gnu/4.9.2/collect2] ==> ignore
    arg [--eh-frame-hdr] ==> ignore
    arg [-m] ==> ignore
    arg [elf_x86_64] ==> ignore
    arg [-export-dynamic] ==> ignore
    arg [-dynamic-linker] ==> ignore
    arg [/lib64/ld-linux-x86-64.so.2] ==> ignore
    arg [-o] ==> ignore
    arg [cmTC_65f77] ==> ignore
    arg [/usr/lib/../lib64/crt1.o] ==> ignore
    arg [/usr/lib/../lib64/crti.o] ==> ignore
    arg [/sw/sdev/gcc/x86_64/4.9.2/lib/gcc/x86_64-unknown-linux-gnu/4.9.2/crtbegin.o] ==> ignore
    arg [-L/sw/sdev/gcc/x86_64/4.9.2/lib/../lib64] ==> dir [/sw/sdev/gcc/x86_64/4.9.2/lib/../lib64]
    arg [-L/sw/sdev/binutils/x86_64/2.22/lib64/../lib64] ==> dir [/sw/sdev/binutils/x86_64/2.22/lib64/../lib64]
    arg [-L/sw/sdev/binutils/x86_64/2.22/lib/../lib64] ==> dir [/sw/sdev/binutils/x86_64/2.22/lib/../lib64]
    arg [-L/sw/sdev/gcc/x86_64/4.9.2/lib/gcc/x86_64-unknown-linux-gnu/4.9.2] ==> dir [/sw/sdev/gcc/x86_64/4.9.2/lib/gcc/x86_64-unknown-linux-gnu/4.9.2]
    arg [-L/sw/sdev/gcc/x86_64/4.9.2/lib/gcc/x86_64-unknown-linux-gnu/4.9.2/../../../../lib64] ==> dir [/sw/sdev/gcc/x86_64/4.9.2/lib/gcc/x86_64-unknown-linux-gnu/4.9.2/../../../../lib64]
    arg [-L/lib/../lib64] ==> dir [/lib/../lib64]
    arg [-L/usr/lib/../lib64] ==> dir [/usr/lib/../lib64]
    arg [-L/sw/sdev/gcc/x86_64/4.9.2/lib] ==> dir [/sw/sdev/gcc/x86_64/4.9.2/lib]
    arg [-L/sw/sdev/mpc/x86_64/0.8.2/lib] ==> dir [/sw/sdev/mpc/x86_64/0.8.2/lib]
    arg [-L/sw/sdev/mpfr/x86_64/3.1.0/lib] ==> dir [/sw/sdev/mpfr/x86_64/3.1.0/lib]
    arg [-L/sw/sdev/gmp/x86_64/5.0.4/lib] ==> dir [/sw/sdev/gmp/x86_64/5.0.4/lib]
    arg [-L/sw/sdev/binutils/x86_64/2.22/lib64] ==> dir [/sw/sdev/binutils/x86_64/2.22/lib64]
    arg [-L/sw/sdev/binutils/x86_64/2.22/lib] ==> dir [/sw/sdev/binutils/x86_64/2.22/lib]
    arg [-L/opt/sgi/mpt/mpt-2.08/lib] ==> dir [/opt/sgi/mpt/mpt-2.08/lib]
    arg [-L/home/student/i/imitschke/local/lib] ==> dir [/home/student/i/imitschke/local/lib]
    arg [-L/sw/sdev/gcc/x86_64/4.9.2/lib/gcc/x86_64-unknown-linux-gnu/4.9.2/../../..] ==> dir [/sw/sdev/gcc/x86_64/4.9.2/lib/gcc/x86_64-unknown-linux-gnu/4.9.2/../../..]
    arg [CMakeFiles/cmTC_65f77.dir/CMakeCXXCompilerABI.cpp.o] ==> ignore
    arg [-lstdc++] ==> lib [stdc++]
    arg [-lm] ==> lib [m]
    arg [-lgcc_s] ==> lib [gcc_s]
    arg [-lgcc] ==> lib [gcc]
    arg [-lc] ==> lib [c]
    arg [-lgcc_s] ==> lib [gcc_s]
    arg [-lgcc] ==> lib [gcc]
    arg [/sw/sdev/gcc/x86_64/4.9.2/lib/gcc/x86_64-unknown-linux-gnu/4.9.2/crtend.o] ==> ignore
    arg [/usr/lib/../lib64/crtn.o] ==> ignore
  remove lib [gcc_s]
  remove lib [gcc]
  remove lib [gcc_s]
  remove lib [gcc]
  collapse library dir [/sw/sdev/gcc/x86_64/4.9.2/lib/../lib64] ==> [/sw/sdev/gcc/x86_64/4.9.2/lib64]
  collapse library dir [/sw/sdev/binutils/x86_64/2.22/lib64/../lib64] ==> [/sw/sdev/binutils/x86_64/2.22/lib64]
  collapse library dir [/sw/sdev/binutils/x86_64/2.22/lib/../lib64] ==> [/sw/sdev/binutils/x86_64/2.22/lib64]
  collapse library dir [/sw/sdev/gcc/x86_64/4.9.2/lib/gcc/x86_64-unknown-linux-gnu/4.9.2] ==> [/sw/sdev/gcc/x86_64/4.9.2/lib/gcc/x86_64-unknown-linux-gnu/4.9.2]
  collapse library dir [/sw/sdev/gcc/x86_64/4.9.2/lib/gcc/x86_64-unknown-linux-gnu/4.9.2/../../../../lib64] ==> [/sw/sdev/gcc/x86_64/4.9.2/lib64]
  collapse library dir [/lib/../lib64] ==> [/lib64]
  collapse library dir [/usr/lib/../lib64] ==> [/usr/lib64]
  collapse library dir [/sw/sdev/gcc/x86_64/4.9.2/lib] ==> [/sw/sdev/gcc/x86_64/4.9.2/lib]
  collapse library dir [/sw/sdev/mpc/x86_64/0.8.2/lib] ==> [/sw/sdev/mpc/x86_64/0.8.2/lib]
  collapse library dir [/sw/sdev/mpfr/x86_64/3.1.0/lib] ==> [/sw/sdev/mpfr/x86_64/3.1.0/lib]
  collapse library dir [/sw/sdev/gmp/x86_64/5.0.4/lib] ==> [/sw/sdev/gmp/x86_64/5.0.4/lib]
  collapse library dir [/sw/sdev/binutils/x86_64/2.22/lib64] ==> [/sw/sdev/binutils/x86_64/2.22/lib64]
  collapse library dir [/sw/sdev/binutils/x86_64/2.22/lib] ==> [/sw/sdev/binutils/x86_64/2.22/lib]
  collapse library dir [/opt/sgi/mpt/mpt-2.08/lib] ==> [/opt/sgi/mpt/mpt-2.08/lib]
  collapse library dir [/home/student/i/imitschke/local/lib] ==> [/home/student/i/imitschke/local/lib]
  collapse library dir [/sw/sdev/gcc/x86_64/4.9.2/lib/gcc/x86_64-unknown-linux-gnu/4.9.2/../../..] ==> [/sw/sdev/gcc/x86_64/4.9.2/lib]
  implicit libs: [stdc++;m;c]
  implicit dirs: [/sw/sdev/gcc/x86_64/4.9.2/lib64;/sw/sdev/binutils/x86_64/2.22/lib64;/sw/sdev/gcc/x86_64/4.9.2/lib/gcc/x86_64-unknown-linux-gnu/4.9.2;/lib64;/usr/lib64;/sw/sdev/gcc/x86_64/4.9.2/lib;/sw/sdev/mpc/x86_64/0.8.2/lib;/sw/sdev/mpfr/x86_64/3.1.0/lib;/sw/sdev/gmp/x86_64/5.0.4/lib;/sw/sdev/binutils/x86_64/2.22/lib;/opt/sgi/mpt/mpt-2.08/lib;/home/student/i/imitschke/local/lib]
  implicit fwks: []




Detecting CXX [-std=c++14] compiler features compiled with the following output:
Change Dir: /home/student/i/imitschke/meshing.largescale/build/CMakeFiles/CMakeTmp

Run Build Command:"/usr/bin/gmake" "cmTC_488cc/fast"
/usr/bin/gmake -f CMakeFiles/cmTC_488cc.dir/build.make CMakeFiles/cmTC_488cc.dir/build
gmake[1]: Entering directory `/home/student/i/imitschke/meshing.largescale/build/CMakeFiles/CMakeTmp'
Building CXX object CMakeFiles/cmTC_488cc.dir/feature_tests.cxx.o
/sw/sdev/gcc/x86_64/4.9.2/bin/g++     -std=c++14 -o CMakeFiles/cmTC_488cc.dir/feature_tests.cxx.o -c /home/student/i/imitschke/meshing.largescale/build/CMakeFiles/feature_tests.cxx
Linking CXX executable cmTC_488cc
/home/student/i/imitschke/programms/cmake-3.4.0-rc2/bin/cmake -E cmake_link_script CMakeFiles/cmTC_488cc.dir/link.txt --verbose=1
/sw/sdev/gcc/x86_64/4.9.2/bin/g++        CMakeFiles/cmTC_488cc.dir/feature_tests.cxx.o  -o cmTC_488cc -rdynamic 
gmake[1]: Leaving directory `/home/student/i/imitschke/meshing.largescale/build/CMakeFiles/CMakeTmp'


    Feature record: CXX_FEATURE:0cxx_aggregate_default_initializers
    Feature record: CXX_FEATURE:1cxx_alias_templates
    Feature record: CXX_FEATURE:1cxx_alignas
    Feature record: CXX_FEATURE:1cxx_alignof
    Feature record: CXX_FEATURE:1cxx_attributes
    Feature record: CXX_FEATURE:1cxx_attribute_deprecated
    Feature record: CXX_FEATURE:1cxx_auto_type
    Feature record: CXX_FEATURE:1cxx_binary_literals
    Feature record: CXX_FEATURE:1cxx_constexpr
    Feature record: CXX_FEATURE:1cxx_contextual_conversions
    Feature record: CXX_FEATURE:1cxx_decltype
    Feature record: CXX_FEATURE:1cxx_decltype_auto
    Feature record: CXX_FEATURE:1cxx_decltype_incomplete_return_types
    Feature record: CXX_FEATURE:1cxx_default_function_template_args
    Feature record: CXX_FEATURE:1cxx_defaulted_functions
    Feature record: CXX_FEATURE:1cxx_defaulted_move_initializers
    Feature record: CXX_FEATURE:1cxx_delegating_constructors
    Feature record: CXX_FEATURE:1cxx_deleted_functions
    Feature record: CXX_FEATURE:1cxx_digit_separators
    Feature record: CXX_FEATURE:1cxx_enum_forward_declarations
    Feature record: CXX_FEATURE:1cxx_explicit_conversions
    Feature record: CXX_FEATURE:1cxx_extended_friend_declarations
    Feature record: CXX_FEATURE:1cxx_extern_templates
    Feature record: CXX_FEATURE:1cxx_final
    Feature record: CXX_FEATURE:1cxx_func_identifier
    Feature record: CXX_FEATURE:1cxx_generalized_initializers
    Feature record: CXX_FEATURE:1cxx_generic_lambdas
    Feature record: CXX_FEATURE:1cxx_inheriting_constructors
    Feature record: CXX_FEATURE:1cxx_inline_namespaces
    Feature record: CXX_FEATURE:1cxx_lambdas
    Feature record: CXX_FEATURE:1cxx_lambda_init_captures
    Feature record: CXX_FEATURE:1cxx_local_type_template_args
    Feature record: CXX_FEATURE:1cxx_long_long_type
    Feature record: CXX_FEATURE:1cxx_noexcept
    Feature record: CXX_FEATURE:1cxx_nonstatic_member_init
    Feature record: CXX_FEATURE:1cxx_nullptr
    Feature record: CXX_FEATURE:1cxx_override
    Feature record: CXX_FEATURE:1cxx_range_for
    Feature record: CXX_FEATURE:1cxx_raw_string_literals
    Feature record: CXX_FEATURE:1cxx_reference_qualified_functions
    Feature record: CXX_FEATURE:0cxx_relaxed_constexpr
    Feature record: CXX_FEATURE:1cxx_return_type_deduction
    Feature record: CXX_FEATURE:1cxx_right_angle_brackets
    Feature record: CXX_FEATURE:1cxx_rvalue_references
    Feature record: CXX_FEATURE:1cxx_sizeof_member
    Feature record: CXX_FEATURE:1cxx_static_assert
    Feature record: CXX_FEATURE:1cxx_strong_enums
    Feature record: CXX_FEATURE:1cxx_template_template_parameters
    Feature record: CXX_FEATURE:1cxx_thread_local
    Feature record: CXX_FEATURE:1cxx_trailing_return_types
    Feature record: CXX_FEATURE:1cxx_unicode_literals
    Feature record: CXX_FEATURE:1cxx_uniform_initialization
    Feature record: CXX_FEATURE:1cxx_unrestricted_unions
    Feature record: CXX_FEATURE:1cxx_user_literals
    Feature record: CXX_FEATURE:0cxx_variable_templates
    Feature record: CXX_FEATURE:1cxx_variadic_macros
    Feature record: CXX_FEATURE:1cxx_variadic_templates


Detecting CXX [-std=c++11] compiler features compiled with the following output:
Change Dir: /home/student/i/imitschke/meshing.largescale/build/CMakeFiles/CMakeTmp

Run Build Command:"/usr/bin/gmake" "cmTC_834af/fast"
/usr/bin/gmake -f CMakeFiles/cmTC_834af.dir/build.make CMakeFiles/cmTC_834af.dir/build
gmake[1]: Entering directory `/home/student/i/imitschke/meshing.largescale/build/CMakeFiles/CMakeTmp'
Building CXX object CMakeFiles/cmTC_834af.dir/feature_tests.cxx.o
/sw/sdev/gcc/x86_64/4.9.2/bin/g++     -std=c++11 -o CMakeFiles/cmTC_834af.dir/feature_tests.cxx.o -c /home/student/i/imitschke/meshing.largescale/build/CMakeFiles/feature_tests.cxx
Linking CXX executable cmTC_834af
/home/student/i/imitschke/programms/cmake-3.4.0-rc2/bin/cmake -E cmake_link_script CMakeFiles/cmTC_834af.dir/link.txt --verbose=1
/sw/sdev/gcc/x86_64/4.9.2/bin/g++        CMakeFiles/cmTC_834af.dir/feature_tests.cxx.o  -o cmTC_834af -rdynamic 
gmake[1]: Leaving directory `/home/student/i/imitschke/meshing.largescale/build/CMakeFiles/CMakeTmp'


    Feature record: CXX_FEATURE:0cxx_aggregate_default_initializers
    Feature record: CXX_FEATURE:1cxx_alias_templates
    Feature record: CXX_FEATURE:1cxx_alignas
    Feature record: CXX_FEATURE:1cxx_alignof
    Feature record: CXX_FEATURE:1cxx_attributes
    Feature record: CXX_FEATURE:0cxx_attribute_deprecated
    Feature record: CXX_FEATURE:1cxx_auto_type
    Feature record: CXX_FEATURE:0cxx_binary_literals
    Feature record: CXX_FEATURE:1cxx_constexpr
    Feature record: CXX_FEATURE:0cxx_contextual_conversions
    Feature record: CXX_FEATURE:1cxx_decltype
    Feature record: CXX_FEATURE:0cxx_decltype_auto
    Feature record: CXX_FEATURE:1cxx_decltype_incomplete_return_types
    Feature record: CXX_FEATURE:1cxx_default_function_template_args
    Feature record: CXX_FEATURE:1cxx_defaulted_functions
    Feature record: CXX_FEATURE:1cxx_defaulted_move_initializers
    Feature record: CXX_FEATURE:1cxx_delegating_constructors
    Feature record: CXX_FEATURE:1cxx_deleted_functions
    Feature record: CXX_FEATURE:0cxx_digit_separators
    Feature record: CXX_FEATURE:1cxx_enum_forward_declarations
    Feature record: CXX_FEATURE:1cxx_explicit_conversions
    Feature record: CXX_FEATURE:1cxx_extended_friend_declarations
    Feature record: CXX_FEATURE:1cxx_extern_templates
    Feature record: CXX_FEATURE:1cxx_final
    Feature record: CXX_FEATURE:1cxx_func_identifier
    Feature record: CXX_FEATURE:1cxx_generalized_initializers
    Feature record: CXX_FEATURE:0cxx_generic_lambdas
    Feature record: CXX_FEATURE:1cxx_inheriting_constructors
    Feature record: CXX_FEATURE:1cxx_inline_namespaces
    Feature record: CXX_FEATURE:1cxx_lambdas
    Feature record: CXX_FEATURE:0cxx_lambda_init_captures
    Feature record: CXX_FEATURE:1cxx_local_type_template_args
    Feature record: CXX_FEATURE:1cxx_long_long_type
    Feature record: CXX_FEATURE:1cxx_noexcept
    Feature record: CXX_FEATURE:1cxx_nonstatic_member_init
    Feature record: CXX_FEATURE:1cxx_nullptr
    Feature record: CXX_FEATURE:1cxx_override
    Feature record: CXX_FEATURE:1cxx_range_for
    Feature record: CXX_FEATURE:1cxx_raw_string_literals
    Feature record: CXX_FEATURE:1cxx_reference_qualified_functions
    Feature record: CXX_FEATURE:0cxx_relaxed_constexpr
    Feature record: CXX_FEATURE:0cxx_return_type_deduction
    Feature record: CXX_FEATURE:1cxx_right_angle_brackets
    Feature record: CXX_FEATURE:1cxx_rvalue_references
    Feature record: CXX_FEATURE:1cxx_sizeof_member
    Feature record: CXX_FEATURE:1cxx_static_assert
    Feature record: CXX_FEATURE:1cxx_strong_enums
    Feature record: CXX_FEATURE:1cxx_template_template_parameters
    Feature record: CXX_FEATURE:1cxx_thread_local
    Feature record: CXX_FEATURE:1cxx_trailing_return_types
    Feature record: CXX_FEATURE:1cxx_unicode_literals
    Feature record: CXX_FEATURE:1cxx_uniform_initialization
    Feature record: CXX_FEATURE:1cxx_unrestricted_unions
    Feature record: CXX_FEATURE:1cxx_user_literals
    Feature record: CXX_FEATURE:0cxx_variable_templates
    Feature record: CXX_FEATURE:1cxx_variadic_macros
    Feature record: CXX_FEATURE:1cxx_variadic_templates


Detecting CXX [-std=c++98] compiler features compiled with the following output:
Change Dir: /home/student/i/imitschke/meshing.largescale/build/CMakeFiles/CMakeTmp

Run Build Command:"/usr/bin/gmake" "cmTC_3a558/fast"
/usr/bin/gmake -f CMakeFiles/cmTC_3a558.dir/build.make CMakeFiles/cmTC_3a558.dir/build
gmake[1]: Entering directory `/home/student/i/imitschke/meshing.largescale/build/CMakeFiles/CMakeTmp'
Building CXX object CMakeFiles/cmTC_3a558.dir/feature_tests.cxx.o
/sw/sdev/gcc/x86_64/4.9.2/bin/g++     -std=c++98 -o CMakeFiles/cmTC_3a558.dir/feature_tests.cxx.o -c /home/student/i/imitschke/meshing.largescale/build/CMakeFiles/feature_tests.cxx
Linking CXX executable cmTC_3a558
/home/student/i/imitschke/programms/cmake-3.4.0-rc2/bin/cmake -E cmake_link_script CMakeFiles/cmTC_3a558.dir/link.txt --verbose=1
/sw/sdev/gcc/x86_64/4.9.2/bin/g++        CMakeFiles/cmTC_3a558.dir/feature_tests.cxx.o  -o cmTC_3a558 -rdynamic 
gmake[1]: Leaving directory `/home/student/i/imitschke/meshing.largescale/build/CMakeFiles/CMakeTmp'


    Feature record: CXX_FEATURE:0cxx_aggregate_default_initializers
    Feature record: CXX_FEATURE:0cxx_alias_templates
    Feature record: CXX_FEATURE:0cxx_alignas
    Feature record: CXX_FEATURE:0cxx_alignof
    Feature record: CXX_FEATURE:0cxx_attributes
    Feature record: CXX_FEATURE:0cxx_attribute_deprecated
    Feature record: CXX_FEATURE:0cxx_auto_type
    Feature record: CXX_FEATURE:0cxx_binary_literals
    Feature record: CXX_FEATURE:0cxx_constexpr
    Feature record: CXX_FEATURE:0cxx_contextual_conversions
    Feature record: CXX_FEATURE:0cxx_decltype
    Feature record: CXX_FEATURE:0cxx_decltype_auto
    Feature record: CXX_FEATURE:0cxx_decltype_incomplete_return_types
    Feature record: CXX_FEATURE:0cxx_default_function_template_args
    Feature record: CXX_FEATURE:0cxx_defaulted_functions
    Feature record: CXX_FEATURE:0cxx_defaulted_move_initializers
    Feature record: CXX_FEATURE:0cxx_delegating_constructors
    Feature record: CXX_FEATURE:0cxx_deleted_functions
    Feature record: CXX_FEATURE:0cxx_digit_separators
    Feature record: CXX_FEATURE:0cxx_enum_forward_declarations
    Feature record: CXX_FEATURE:0cxx_explicit_conversions
    Feature record: CXX_FEATURE:0cxx_extended_friend_declarations
    Feature record: CXX_FEATURE:0cxx_extern_templates
    Feature record: CXX_FEATURE:0cxx_final
    Feature record: CXX_FEATURE:0cxx_func_identifier
    Feature record: CXX_FEATURE:0cxx_generalized_initializers
    Feature record: CXX_FEATURE:0cxx_generic_lambdas
    Feature record: CXX_FEATURE:0cxx_inheriting_constructors
    Feature record: CXX_FEATURE:0cxx_inline_namespaces
    Feature record: CXX_FEATURE:0cxx_lambdas
    Feature record: CXX_FEATURE:0cxx_lambda_init_captures
    Feature record: CXX_FEATURE:0cxx_local_type_template_args
    Feature record: CXX_FEATURE:0cxx_long_long_type
    Feature record: CXX_FEATURE:0cxx_noexcept
    Feature record: CXX_FEATURE:0cxx_nonstatic_member_init
    Feature record: CXX_FEATURE:0cxx_nullptr
    Feature record: CXX_FEATURE:0cxx_override
    Feature record: CXX_FEATURE:0cxx_range_for
    Feature record: CXX_FEATURE:0cxx_raw_string_literals
    Feature record: CXX_FEATURE:0cxx_reference_qualified_functions
    Feature record: CXX_FEATURE:0cxx_relaxed_constexpr
    Feature record: CXX_FEATURE:0cxx_return_type_deduction
    Feature record: CXX_FEATURE:0cxx_right_angle_brackets
    Feature record: CXX_FEATURE:0cxx_rvalue_references
    Feature record: CXX_FEATURE:0cxx_sizeof_member
    Feature record: CXX_FEATURE:0cxx_static_assert
    Feature record: CXX_FEATURE:0cxx_strong_enums
    Feature record: CXX_FEATURE:1cxx_template_template_parameters
    Feature record: CXX_FEATURE:0cxx_thread_local
    Feature record: CXX_FEATURE:0cxx_trailing_return_types
    Feature record: CXX_FEATURE:0cxx_unicode_literals
    Feature record: CXX_FEATURE:0cxx_uniform_initialization
    Feature record: CXX_FEATURE:0cxx_unrestricted_unions
    Feature record: CXX_FEATURE:0cxx_user_literals
    Feature record: CXX_FEATURE:0cxx_variable_templates
    Feature record: CXX_FEATURE:0cxx_variadic_macros
    Feature record: CXX_FEATURE:0cxx_variadic_templates
Performing C SOURCE FILE Test OpenMP_FLAG_DETECTED succeded with the following output:
Change Dir: /home/student/i/imitschke/meshing.largescale/build/CMakeFiles/CMakeTmp

Run Build Command:"/usr/bin/gmake" "cmTC_c9b94/fast"
/usr/bin/gmake -f CMakeFiles/cmTC_c9b94.dir/build.make CMakeFiles/cmTC_c9b94.dir/build
gmake[1]: Entering directory `/home/student/i/imitschke/meshing.largescale/build/CMakeFiles/CMakeTmp'
Building C object CMakeFiles/cmTC_c9b94.dir/src.c.o
/sw/sdev/gcc/x86_64/4.9.2/bin/gcc    -DOpenMP_FLAG_DETECTED -fopenmp   -o CMakeFiles/cmTC_c9b94.dir/src.c.o   -c /home/student/i/imitschke/meshing.largescale/build/CMakeFiles/CMakeTmp/src.c
Linking C executable cmTC_c9b94
/home/student/i/imitschke/programms/cmake-3.4.0-rc2/bin/cmake -E cmake_link_script CMakeFiles/cmTC_c9b94.dir/link.txt --verbose=1
/sw/sdev/gcc/x86_64/4.9.2/bin/gcc   -DOpenMP_FLAG_DETECTED -fopenmp    CMakeFiles/cmTC_c9b94.dir/src.c.o  -o cmTC_c9b94 -rdynamic 
gmake[1]: Leaving directory `/home/student/i/imitschke/meshing.largescale/build/CMakeFiles/CMakeTmp'

Source file was:

#include <omp.h>
int main() {
#ifdef _OPENMP
  return 0;
#else
  breaks_on_purpose
#endif
}

Performing C++ SOURCE FILE Test OpenMP_FLAG_DETECTED succeded with the following output:
Change Dir: /home/student/i/imitschke/meshing.largescale/build/CMakeFiles/CMakeTmp

Run Build Command:"/usr/bin/gmake" "cmTC_47897/fast"
/usr/bin/gmake -f CMakeFiles/cmTC_47897.dir/build.make CMakeFiles/cmTC_47897.dir/build
gmake[1]: Entering directory `/home/student/i/imitschke/meshing.largescale/build/CMakeFiles/CMakeTmp'
Building CXX object CMakeFiles/cmTC_47897.dir/src.cxx.o
/sw/sdev/gcc/x86_64/4.9.2/bin/g++     -std=c++0x -DOpenMP_FLAG_DETECTED -fopenmp   -o CMakeFiles/cmTC_47897.dir/src.cxx.o -c /home/student/i/imitschke/meshing.largescale/build/CMakeFiles/CMakeTmp/src.cxx
Linking CXX executable cmTC_47897
/home/student/i/imitschke/programms/cmake-3.4.0-rc2/bin/cmake -E cmake_link_script CMakeFiles/cmTC_47897.dir/link.txt --verbose=1
/sw/sdev/gcc/x86_64/4.9.2/bin/g++    -std=c++0x -DOpenMP_FLAG_DETECTED -fopenmp    CMakeFiles/cmTC_47897.dir/src.cxx.o  -o cmTC_47897 -rdynamic 
gmake[1]: Leaving directory `/home/student/i/imitschke/meshing.largescale/build/CMakeFiles/CMakeTmp'

Source file was:

#include <omp.h>
int main() {
#ifdef _OPENMP
  return 0;
#else
  breaks_on_purpose
#endif
}

